FILE_TYPE:DAAA96DE-B0FB-4c6e-AF7B-A445F5BF9BE2
FILE_ID:1529930983299
ENCODING:[UTF8|NWCJS:ASCII]
RECORD_SEPARATOR:124
COLUMN_SEPARATOR:35
ESC_CHARACTER:92
COLUMNS:Time|TZone|Severity|Logger|ACH|User|Thread|Bundle name|JPSpace|JPAppliance|JPComponent|Tenant Alias|DSR Root Context ID|DSR Transaction|DSR Connection|DSR Counter|Text|
SEVERITY_MAP:FINEST|Information|FINER|Information|FINE|Information|CONFIG|Information|DEBUG|Information|PATH|Information|INFO|Information|WARNING|Warning|ERROR|Error|SEVERE|Error|FATAL|Error
HEADER_END


2018 06 25 12:51:40#+00#INFO#com.sap.cloud.sdk.cloudplatform.connectivity.DestinationDeclarator##anonymous#localhost-startStop-2#na#N/A#N/A#N/A##na#na#na#na#Successfully declared destinations: [ErpQueryEndpoint_RFC, ErpQueryEndpoint]. |
2018 06 25 12:51:40#+00#INFO#com.sap.cloud.sdk.cloudplatform.monitoring.JmxMonitor##anonymous#localhost-startStop-2#na#N/A#N/A#N/A##na#na#na#na#Registering JMX bean for monitor com.sap.cloud.sdk.s4hana.connectivity:name=ErpEndpointMonitor. |
2018 06 25 12:51:40#+00#INFO#com.sap.cloud.sdk.cloudplatform.monitoring.JmxMonitor##anonymous#localhost-startStop-2#na#N/A#N/A#N/A##na#na#na#na#Successfully registered JMX bean com.sap.cloud.sdk.s4hana.connectivity:name=ErpEndpointMonitor. |
2018 06 25 12:51:40#+00#INFO#com.sap.cloud.sdk.cloudplatform.monitoring.JmxMonitor##anonymous#localhost-startStop-2#na#N/A#N/A#N/A##na#na#na#na#Registering JMX bean for monitor com.sap.cloud.sdk.cloudplatform.monitoring:name=ExceptionMonitor. |
2018 06 25 12:51:40#+00#INFO#com.sap.cloud.sdk.cloudplatform.monitoring.JmxMonitor##anonymous#localhost-startStop-2#na#N/A#N/A#N/A##na#na#na#na#Successfully registered JMX bean com.sap.cloud.sdk.cloudplatform.monitoring:name=ExceptionMonitor. |
2018 06 25 12:51:40#+00#INFO#com.sap.cloud.sdk.frameworks.hystrix.HystrixBootstrapListener##anonymous#localhost-startStop-2#na#N/A#N/A#N/A##na#na#na#na#Boostrapping Hystrix. |
2018 06 25 12:51:40#+00#INFO#com.sap.cloud.sdk.cloudplatform.monitoring.JmxMonitor##anonymous#localhost-startStop-2#na#N/A#N/A#N/A##na#na#na#na#Registering JMX bean for monitor com.sap.cloud.sdk.cloudplatform.cache:name=CacheMonitor. |
2018 06 25 12:51:40#+00#INFO#com.sap.cloud.sdk.cloudplatform.monitoring.JmxMonitor##anonymous#localhost-startStop-2#na#N/A#N/A#N/A##na#na#na#na#Successfully registered JMX bean com.sap.cloud.sdk.cloudplatform.cache:name=CacheMonitor. |
2018 06 25 12:51:40#+00#INFO#com.sap.cloud.sdk.cloudplatform.connectivity.DestinationDeclarator##anonymous#localhost-startStop-2#na#N/A#N/A#N/A##na#na#na#na#Successfully declared destinations: [AccessTokenEndpoint]. |
2018 06 25 12:51:40#+00#INFO#com.sap.cloud.sdk.cloudplatform.connectivity.DestinationDeclarator##anonymous#localhost-startStop-2#na#N/A#N/A#N/A##na#na#na#na#Successfully declared destinations: [MeteringService]. |
2018 06 25 12:51:40#+00#INFO#com.sap.cloud.sdk.cloudplatform.connectivity.DestinationDeclarator##anonymous#localhost-startStop-2#na#N/A#N/A#N/A##na#na#na#na#Successfully declared destinations: [AuthorizationApiEndpoint]. |
2018 06 25 12:51:41#+00#INFO#com.sap.cloud.sdk.cloudplatform.servlet.RequestContextServletFilter##anonymous#localhost-startStop-2#na#N/A#N/A#N/A##na#na#na#na#No RequestContextFactory configured. Falling back to DefaultRequestContextFactory. |
2018 06 25 12:51:41#+00#INFO#com.sap.cloud.sdk.cloudplatform.servlet.RequestContextListenerChain##anonymous#localhost-startStop-2#na#N/A#N/A#N/A##na#na#na#na#Added default listener com.sap.cloud.sdk.cloudplatform.auditlog.ScpNeoAuditLogRequestContextListener with priority 2. |
2018 06 25 12:51:41#+00#INFO#com.sap.cloud.sdk.cloudplatform.servlet.RequestContextListenerChain##anonymous#localhost-startStop-2#na#N/A#N/A#N/A##na#na#na#na#Added default listener com.sap.cloud.sdk.cloudplatform.connectivity.DestinationsRequestContextListener with priority -1. |
2018 06 25 12:51:41#+00#INFO#com.sap.cloud.sdk.cloudplatform.servlet.RequestContextListenerChain##anonymous#localhost-startStop-2#na#N/A#N/A#N/A##na#na#na#na#Added default listener com.sap.cloud.sdk.cloudplatform.connectivity.ScpNeoDestinationsRequestContextListener with priority 1. |
2018 06 25 12:51:41#+00#INFO#com.sap.cloud.sdk.cloudplatform.servlet.RequestContextListenerChain##anonymous#localhost-startStop-2#na#N/A#N/A#N/A##na#na#na#na#Added default listener com.sap.cloud.sdk.cloudplatform.security.user.UserRequestContextListener with priority -3. |
2018 06 25 12:51:41#+00#INFO#com.sap.cloud.sdk.cloudplatform.servlet.RequestContextListenerChain##anonymous#localhost-startStop-2#na#N/A#N/A#N/A##na#na#na#na#Added default listener com.sap.cloud.sdk.cloudplatform.security.secret.ScpNeoSecretStoreRequestContextListener with priority 3. |
2018 06 25 12:51:41#+00#INFO#com.sap.cloud.sdk.cloudplatform.servlet.RequestContextListenerChain##anonymous#localhost-startStop-2#na#N/A#N/A#N/A##na#na#na#na#Added default listener com.sap.cloud.sdk.cloudplatform.tenant.TenantRequestContextListener with priority -2. |
